[0.662s] Invoking command in '/home/murakami/karakuri_ws/src/seiral': PYTHONPATH=/home/murakami/karakuri_ws/build/seiral/prefix_override:/home/murakami/karakuri_ws/install/seiral/lib/python3.10/site-packages:${PYTHONPATH} /usr/bin/python3 setup.py egg_info --egg-base ../../build/seiral build --build-base /home/murakami/karakuri_ws/build/seiral/build install --record /home/murakami/karakuri_ws/build/seiral/install.log --single-version-externally-managed
[0.790s] running egg_info
[0.799s] writing ../../build/seiral/seiral.egg-info/PKG-INFO
[0.802s] writing dependency_links to ../../build/seiral/seiral.egg-info/dependency_links.txt
[0.803s] writing entry points to ../../build/seiral/seiral.egg-info/entry_points.txt
[0.803s] writing requirements to ../../build/seiral/seiral.egg-info/requires.txt
[0.803s] writing top-level names to ../../build/seiral/seiral.egg-info/top_level.txt
[0.823s] reading manifest file '../../build/seiral/seiral.egg-info/SOURCES.txt'
[0.824s] writing manifest file '../../build/seiral/seiral.egg-info/SOURCES.txt'
[0.824s] running build
[0.824s] running build_py
[0.824s] copying seiral/serial_node.py -> /home/murakami/karakuri_ws/build/seiral/build/lib/seiral
[0.824s] copying seiral/__init__.py -> /home/murakami/karakuri_ws/build/seiral/build/lib/seiral
[0.825s] running install
[0.825s] /home/murakami/.local/lib/python3.10/site-packages/setuptools/_distutils/cmd.py:66: SetuptoolsDeprecationWarning: setup.py install is deprecated.
[0.825s] !!
[0.825s] 
[0.825s]         ********************************************************************************
[0.825s]         Please avoid running ``setup.py`` directly.
[0.825s]         Instead, use pypa/build, pypa/installer or other
[0.825s]         standards-based tools.
[0.825s] 
[0.825s]         See https://blog.ganssle.io/articles/2021/10/setup-py-deprecated.html for details.
[0.825s]         ********************************************************************************
[0.825s] 
[0.825s] !!
[0.825s]   self.initialize_options()
[0.828s] running install_lib
[0.838s] copying /home/murakami/karakuri_ws/build/seiral/build/lib/seiral/serial_node.py -> /home/murakami/karakuri_ws/install/seiral/lib/python3.10/site-packages/seiral
[0.838s] byte-compiling /home/murakami/karakuri_ws/install/seiral/lib/python3.10/site-packages/seiral/serial_node.py to serial_node.cpython-310.pyc
[0.839s] running install_data
[0.848s] copying resource/seiral -> /home/murakami/karakuri_ws/install/seiral/share/ament_index/resource_index/packages
[0.848s] copying package.xml -> /home/murakami/karakuri_ws/install/seiral/share/seiral
[0.848s] running install_egg_info
[0.859s] removing '/home/murakami/karakuri_ws/install/seiral/lib/python3.10/site-packages/seiral-0.0.0-py3.10.egg-info' (and everything under it)
[0.859s] Copying ../../build/seiral/seiral.egg-info to /home/murakami/karakuri_ws/install/seiral/lib/python3.10/site-packages/seiral-0.0.0-py3.10.egg-info
[0.860s] running install_scripts
[0.945s] Installing serial_node script to /home/murakami/karakuri_ws/install/seiral/lib/seiral
[0.946s] writing list of installed files to '/home/murakami/karakuri_ws/build/seiral/install.log'
[0.963s] Invoked command in '/home/murakami/karakuri_ws/src/seiral' returned '0': PYTHONPATH=/home/murakami/karakuri_ws/build/seiral/prefix_override:/home/murakami/karakuri_ws/install/seiral/lib/python3.10/site-packages:${PYTHONPATH} /usr/bin/python3 setup.py egg_info --egg-base ../../build/seiral build --build-base /home/murakami/karakuri_ws/build/seiral/build install --record /home/murakami/karakuri_ws/build/seiral/install.log --single-version-externally-managed
