[0.677s] Invoking command in '/home/murakami/karakuri_ws/src/seiral': PYTHONPATH=/home/murakami/karakuri_ws/build/seiral/prefix_override:/home/murakami/karakuri_ws/install/seiral/lib/python3.10/site-packages:${PYTHONPATH} /usr/bin/python3 setup.py egg_info --egg-base ../../build/seiral build --build-base /home/murakami/karakuri_ws/build/seiral/build install --record /home/murakami/karakuri_ws/build/seiral/install.log --single-version-externally-managed
[0.820s] running egg_info
[0.829s] writing ../../build/seiral/seiral.egg-info/PKG-INFO
[0.830s] writing dependency_links to ../../build/seiral/seiral.egg-info/dependency_links.txt
[0.830s] writing entry points to ../../build/seiral/seiral.egg-info/entry_points.txt
[0.831s] writing requirements to ../../build/seiral/seiral.egg-info/requires.txt
[0.831s] writing top-level names to ../../build/seiral/seiral.egg-info/top_level.txt
[0.851s] reading manifest file '../../build/seiral/seiral.egg-info/SOURCES.txt'
[0.851s] writing manifest file '../../build/seiral/seiral.egg-info/SOURCES.txt'
[0.851s] running build
[0.851s] running build_py
[0.852s] copying seiral/serial_node.py -> /home/murakami/karakuri_ws/build/seiral/build/lib/seiral
[0.852s] copying seiral/__init__.py -> /home/murakami/karakuri_ws/build/seiral/build/lib/seiral
[0.852s] running install
[0.852s] /home/murakami/.local/lib/python3.10/site-packages/setuptools/_distutils/cmd.py:66: SetuptoolsDeprecationWarning: setup.py install is deprecated.
[0.852s] !!
[0.852s] 
[0.852s]         ********************************************************************************
[0.852s]         Please avoid running ``setup.py`` directly.
[0.852s]         Instead, use pypa/build, pypa/installer or other
[0.852s]         standards-based tools.
[0.852s] 
[0.852s]         See https://blog.ganssle.io/articles/2021/10/setup-py-deprecated.html for details.
[0.852s]         ********************************************************************************
[0.853s] 
[0.853s] !!
[0.853s]   self.initialize_options()
[0.856s] running install_lib
[0.865s] copying /home/murakami/karakuri_ws/build/seiral/build/lib/seiral/serial_node.py -> /home/murakami/karakuri_ws/install/seiral/lib/python3.10/site-packages/seiral
[0.866s] byte-compiling /home/murakami/karakuri_ws/install/seiral/lib/python3.10/site-packages/seiral/serial_node.py to serial_node.cpython-310.pyc
[0.867s] running install_data
[0.876s] copying resource/seiral -> /home/murakami/karakuri_ws/install/seiral/share/ament_index/resource_index/packages
[0.877s] copying package.xml -> /home/murakami/karakuri_ws/install/seiral/share/seiral
[0.877s] running install_egg_info
[0.887s] removing '/home/murakami/karakuri_ws/install/seiral/lib/python3.10/site-packages/seiral-0.0.0-py3.10.egg-info' (and everything under it)
[0.887s] Copying ../../build/seiral/seiral.egg-info to /home/murakami/karakuri_ws/install/seiral/lib/python3.10/site-packages/seiral-0.0.0-py3.10.egg-info
[0.888s] running install_scripts
[0.974s] Installing serial_node script to /home/murakami/karakuri_ws/install/seiral/lib/seiral
[0.974s] writing list of installed files to '/home/murakami/karakuri_ws/build/seiral/install.log'
[0.992s] Invoked command in '/home/murakami/karakuri_ws/src/seiral' returned '0': PYTHONPATH=/home/murakami/karakuri_ws/build/seiral/prefix_override:/home/murakami/karakuri_ws/install/seiral/lib/python3.10/site-packages:${PYTHONPATH} /usr/bin/python3 setup.py egg_info --egg-base ../../build/seiral build --build-base /home/murakami/karakuri_ws/build/seiral/build install --record /home/murakami/karakuri_ws/build/seiral/install.log --single-version-externally-managed
