[1.068s] DEBUG:colcon:Command line arguments: ['/usr/bin/colcon', 'build']
[1.069s] DEBUG:colcon:Parsed command line arguments: Namespace(log_base=None, log_level=None, verb_name='build', build_base='build', install_base='install', merge_install=False, symlink_install=False, test_result_base=None, continue_on_error=False, executor='parallel', parallel_workers=8, event_handlers=None, ignore_user_meta=False, metas=['./colcon.meta'], base_paths=['.'], packages_ignore=None, packages_ignore_regex=None, paths=None, packages_up_to=None, packages_up_to_regex=None, packages_above=None, packages_above_and_dependencies=None, packages_above_depth=None, packages_select_by_dep=None, packages_skip_by_dep=None, packages_skip_up_to=None, packages_select_build_failed=False, packages_skip_build_finished=False, packages_select_test_failures=False, packages_skip_test_passed=False, packages_select=None, packages_skip=None, packages_select_regex=None, packages_skip_regex=None, packages_start=None, packages_end=None, allow_overriding=[], cmake_args=None, cmake_target=None, cmake_target_skip_unavailable=False, cmake_clean_cache=False, cmake_clean_first=False, cmake_force_configure=False, ament_cmake_args=None, catkin_cmake_args=None, catkin_skip_building_tests=False, verb_parser=<colcon_defaults.argument_parser.defaults.DefaultArgumentsDecorator object at 0x7f2c883e6020>, verb_extension=<colcon_core.verb.build.BuildVerb object at 0x7f2c883e5c90>, main=<bound method BuildVerb.main of <colcon_core.verb.build.BuildVerb object at 0x7f2c883e5c90>>)
[1.134s] Level 1:colcon.colcon_core.package_discovery:discover_packages(colcon_meta) check parameters
[1.134s] Level 1:colcon.colcon_core.package_discovery:discover_packages(recursive) check parameters
[1.134s] Level 1:colcon.colcon_core.package_discovery:discover_packages(ignore) check parameters
[1.134s] Level 1:colcon.colcon_core.package_discovery:discover_packages(path) check parameters
[1.134s] Level 1:colcon.colcon_core.package_discovery:discover_packages(colcon_meta) discover
[1.134s] Level 1:colcon.colcon_core.package_discovery:discover_packages(recursive) discover
[1.134s] INFO:colcon.colcon_core.package_discovery:Crawling recursively for packages in '/home/murakami/karakuri_ws'
[1.134s] Level 1:colcon.colcon_core.package_identification:_identify(.) by extensions ['ignore', 'ignore_ament_install']
[1.134s] Level 1:colcon.colcon_core.package_identification:_identify(.) by extension 'ignore'
[1.134s] Level 1:colcon.colcon_core.package_identification:_identify(.) by extension 'ignore_ament_install'
[1.134s] Level 1:colcon.colcon_core.package_identification:_identify(.) by extensions ['colcon_pkg']
[1.134s] Level 1:colcon.colcon_core.package_identification:_identify(.) by extension 'colcon_pkg'
[1.134s] Level 1:colcon.colcon_core.package_identification:_identify(.) by extensions ['colcon_meta']
[1.134s] Level 1:colcon.colcon_core.package_identification:_identify(.) by extension 'colcon_meta'
[1.134s] Level 1:colcon.colcon_core.package_identification:_identify(.) by extensions ['ros']
[1.135s] Level 1:colcon.colcon_core.package_identification:_identify(.) by extension 'ros'
[1.151s] Level 1:colcon.colcon_core.package_identification:_identify(.) by extensions ['cmake', 'python']
[1.151s] Level 1:colcon.colcon_core.package_identification:_identify(.) by extension 'cmake'
[1.151s] Level 1:colcon.colcon_core.package_identification:_identify(.) by extension 'python'
[1.151s] Level 1:colcon.colcon_core.package_identification:_identify(.) by extensions ['python_setup_py']
[1.151s] Level 1:colcon.colcon_core.package_identification:_identify(.) by extension 'python_setup_py'
[1.151s] Level 1:colcon.colcon_core.package_identification:_identify(build) by extensions ['ignore', 'ignore_ament_install']
[1.151s] Level 1:colcon.colcon_core.package_identification:_identify(build) by extension 'ignore'
[1.151s] Level 1:colcon.colcon_core.package_identification:_identify(build) ignored
[1.151s] Level 1:colcon.colcon_core.package_identification:_identify(install) by extensions ['ignore', 'ignore_ament_install']
[1.151s] Level 1:colcon.colcon_core.package_identification:_identify(install) by extension 'ignore'
[1.152s] Level 1:colcon.colcon_core.package_identification:_identify(install) ignored
[1.152s] Level 1:colcon.colcon_core.package_identification:_identify(log) by extensions ['ignore', 'ignore_ament_install']
[1.152s] Level 1:colcon.colcon_core.package_identification:_identify(log) by extension 'ignore'
[1.152s] Level 1:colcon.colcon_core.package_identification:_identify(log) ignored
[1.152s] Level 1:colcon.colcon_core.package_identification:_identify(src) by extensions ['ignore', 'ignore_ament_install']
[1.152s] Level 1:colcon.colcon_core.package_identification:_identify(src) by extension 'ignore'
[1.152s] Level 1:colcon.colcon_core.package_identification:_identify(src) by extension 'ignore_ament_install'
[1.152s] Level 1:colcon.colcon_core.package_identification:_identify(src) by extensions ['colcon_pkg']
[1.152s] Level 1:colcon.colcon_core.package_identification:_identify(src) by extension 'colcon_pkg'
[1.152s] Level 1:colcon.colcon_core.package_identification:_identify(src) by extensions ['colcon_meta']
[1.152s] Level 1:colcon.colcon_core.package_identification:_identify(src) by extension 'colcon_meta'
[1.152s] Level 1:colcon.colcon_core.package_identification:_identify(src) by extensions ['ros']
[1.152s] Level 1:colcon.colcon_core.package_identification:_identify(src) by extension 'ros'
[1.152s] Level 1:colcon.colcon_core.package_identification:_identify(src) by extensions ['cmake', 'python']
[1.152s] Level 1:colcon.colcon_core.package_identification:_identify(src) by extension 'cmake'
[1.152s] Level 1:colcon.colcon_core.package_identification:_identify(src) by extension 'python'
[1.152s] Level 1:colcon.colcon_core.package_identification:_identify(src) by extensions ['python_setup_py']
[1.152s] Level 1:colcon.colcon_core.package_identification:_identify(src) by extension 'python_setup_py'
[1.152s] Level 1:colcon.colcon_core.package_identification:_identify(src/seiral) by extensions ['ignore', 'ignore_ament_install']
[1.152s] Level 1:colcon.colcon_core.package_identification:_identify(src/seiral) by extension 'ignore'
[1.152s] Level 1:colcon.colcon_core.package_identification:_identify(src/seiral) by extension 'ignore_ament_install'
[1.152s] Level 1:colcon.colcon_core.package_identification:_identify(src/seiral) by extensions ['colcon_pkg']
[1.153s] Level 1:colcon.colcon_core.package_identification:_identify(src/seiral) by extension 'colcon_pkg'
[1.153s] Level 1:colcon.colcon_core.package_identification:_identify(src/seiral) by extensions ['colcon_meta']
[1.153s] Level 1:colcon.colcon_core.package_identification:_identify(src/seiral) by extension 'colcon_meta'
[1.153s] Level 1:colcon.colcon_core.package_identification:_identify(src/seiral) by extensions ['ros']
[1.153s] Level 1:colcon.colcon_core.package_identification:_identify(src/seiral) by extension 'ros'
[1.155s] DEBUG:colcon.colcon_core.package_identification:Package 'src/seiral' with type 'ros.ament_python' and name 'seiral'
[1.155s] Level 1:colcon.colcon_core.package_discovery:discover_packages(recursive) using defaults
[1.155s] Level 1:colcon.colcon_core.package_discovery:discover_packages(ignore) discover
[1.155s] Level 1:colcon.colcon_core.package_discovery:discover_packages(ignore) using defaults
[1.155s] Level 1:colcon.colcon_core.package_discovery:discover_packages(path) discover
[1.155s] Level 1:colcon.colcon_core.package_discovery:discover_packages(path) using defaults
[1.243s] Level 1:colcon.colcon_core.package_discovery:discover_packages(prefix_path) check parameters
[1.244s] Level 1:colcon.colcon_core.package_discovery:discover_packages(prefix_path) discover
[1.270s] DEBUG:colcon.colcon_installed_package_information.package_discovery:Found 1 installed packages in /home/murakami/karakuri_ws/install
[1.285s] DEBUG:colcon.colcon_installed_package_information.package_discovery:Found 16 installed packages in /home/murakami/turtlebot3_ws/install
[1.299s] DEBUG:colcon.colcon_installed_package_information.package_discovery:Found 403 installed packages in /opt/ros/humble
[1.301s] Level 1:colcon.colcon_core.package_discovery:discover_packages(prefix_path) using defaults
[1.513s] Level 5:colcon.colcon_core.verb:set package 'seiral' build argument 'cmake_args' from command line to 'None'
[1.513s] Level 5:colcon.colcon_core.verb:set package 'seiral' build argument 'cmake_target' from command line to 'None'
[1.513s] Level 5:colcon.colcon_core.verb:set package 'seiral' build argument 'cmake_target_skip_unavailable' from command line to 'False'
[1.513s] Level 5:colcon.colcon_core.verb:set package 'seiral' build argument 'cmake_clean_cache' from command line to 'False'
[1.513s] Level 5:colcon.colcon_core.verb:set package 'seiral' build argument 'cmake_clean_first' from command line to 'False'
[1.513s] Level 5:colcon.colcon_core.verb:set package 'seiral' build argument 'cmake_force_configure' from command line to 'False'
[1.513s] Level 5:colcon.colcon_core.verb:set package 'seiral' build argument 'ament_cmake_args' from command line to 'None'
[1.513s] Level 5:colcon.colcon_core.verb:set package 'seiral' build argument 'catkin_cmake_args' from command line to 'None'
[1.513s] Level 5:colcon.colcon_core.verb:set package 'seiral' build argument 'catkin_skip_building_tests' from command line to 'False'
[1.513s] DEBUG:colcon.colcon_core.verb:Building package 'seiral' with the following arguments: {'ament_cmake_args': None, 'build_base': '/home/murakami/karakuri_ws/build/seiral', 'catkin_cmake_args': None, 'catkin_skip_building_tests': False, 'cmake_args': None, 'cmake_clean_cache': False, 'cmake_clean_first': False, 'cmake_force_configure': False, 'cmake_target': None, 'cmake_target_skip_unavailable': False, 'install_base': '/home/murakami/karakuri_ws/install/seiral', 'merge_install': False, 'path': '/home/murakami/karakuri_ws/src/seiral', 'symlink_install': False, 'test_result_base': None}
[1.530s] INFO:colcon.colcon_core.executor:Executing jobs using 'parallel' executor
[1.543s] DEBUG:colcon.colcon_parallel_executor.executor.parallel:run_until_complete
[1.543s] INFO:colcon.colcon_ros.task.ament_python.build:Building ROS package in '/home/murakami/karakuri_ws/src/seiral' with build type 'ament_python'
[1.544s] Level 1:colcon.colcon_core.shell:create_environment_hook('seiral', 'ament_prefix_path')
[1.562s] INFO:colcon.colcon_core.plugin_system:Skipping extension 'colcon_core.shell.bat': Not used on non-Windows systems
[1.562s] INFO:colcon.colcon_core.shell:Creating environment hook '/home/murakami/karakuri_ws/install/seiral/share/seiral/hook/ament_prefix_path.ps1'
[1.563s] INFO:colcon.colcon_core.shell:Creating environment descriptor '/home/murakami/karakuri_ws/install/seiral/share/seiral/hook/ament_prefix_path.dsv'
[1.564s] INFO:colcon.colcon_core.shell:Creating environment hook '/home/murakami/karakuri_ws/install/seiral/share/seiral/hook/ament_prefix_path.sh'
[1.579s] INFO:colcon.colcon_core.shell:Skip shell extension 'powershell' for command environment: Not usable outside of PowerShell
[1.579s] DEBUG:colcon.colcon_core.shell:Skip shell extension 'dsv' for command environment
[1.950s] INFO:colcon.colcon_core.task.python.build:Building Python package in '/home/murakami/karakuri_ws/src/seiral'
[1.972s] INFO:colcon.colcon_core.shell:Skip shell extension 'powershell' for command environment: Not usable outside of PowerShell
[1.972s] DEBUG:colcon.colcon_core.shell:Skip shell extension 'dsv' for command environment
[2.764s] DEBUG:colcon.colcon_core.event_handler.log_command:Invoking command in '/home/murakami/karakuri_ws/src/seiral': PYTHONPATH=/home/murakami/karakuri_ws/build/seiral/prefix_override:/home/murakami/karakuri_ws/install/seiral/lib/python3.10/site-packages:${PYTHONPATH} /usr/bin/python3 setup.py egg_info --egg-base ../../build/seiral build --build-base /home/murakami/karakuri_ws/build/seiral/build install --record /home/murakami/karakuri_ws/build/seiral/install.log --single-version-externally-managed
[3.249s] DEBUG:colcon.colcon_core.event_handler.log_command:Invoked command in '/home/murakami/karakuri_ws/src/seiral' returned '0': PYTHONPATH=/home/murakami/karakuri_ws/build/seiral/prefix_override:/home/murakami/karakuri_ws/install/seiral/lib/python3.10/site-packages:${PYTHONPATH} /usr/bin/python3 setup.py egg_info --egg-base ../../build/seiral build --build-base /home/murakami/karakuri_ws/build/seiral/build install --record /home/murakami/karakuri_ws/build/seiral/install.log --single-version-externally-managed
[3.274s] Level 1:colcon.colcon_core.environment:checking '/home/murakami/karakuri_ws/install/seiral' for CMake module files
[3.274s] Level 1:colcon.colcon_core.environment:checking '/home/murakami/karakuri_ws/install/seiral' for CMake config files
[3.275s] Level 1:colcon.colcon_core.environment:checking '/home/murakami/karakuri_ws/install/seiral/lib'
[3.275s] Level 1:colcon.colcon_core.environment:checking '/home/murakami/karakuri_ws/install/seiral/bin'
[3.275s] Level 1:colcon.colcon_core.environment:checking '/home/murakami/karakuri_ws/install/seiral/lib/pkgconfig/seiral.pc'
[3.275s] Level 1:colcon.colcon_core.environment:checking '/home/murakami/karakuri_ws/install/seiral/lib/python3.10/site-packages'
[3.275s] Level 1:colcon.colcon_core.shell:create_environment_hook('seiral', 'pythonpath')
[3.291s] INFO:colcon.colcon_core.shell:Creating environment hook '/home/murakami/karakuri_ws/install/seiral/share/seiral/hook/pythonpath.ps1'
[3.292s] INFO:colcon.colcon_core.shell:Creating environment descriptor '/home/murakami/karakuri_ws/install/seiral/share/seiral/hook/pythonpath.dsv'
[3.292s] INFO:colcon.colcon_core.shell:Creating environment hook '/home/murakami/karakuri_ws/install/seiral/share/seiral/hook/pythonpath.sh'
[3.292s] Level 1:colcon.colcon_core.environment:checking '/home/murakami/karakuri_ws/install/seiral/bin'
[3.293s] Level 1:colcon.colcon_core.environment:create_environment_scripts_only(seiral)
[3.305s] INFO:colcon.colcon_core.shell:Creating package script '/home/murakami/karakuri_ws/install/seiral/share/seiral/package.ps1'
[3.306s] INFO:colcon.colcon_core.shell:Creating package descriptor '/home/murakami/karakuri_ws/install/seiral/share/seiral/package.dsv'
[3.306s] INFO:colcon.colcon_core.shell:Creating package script '/home/murakami/karakuri_ws/install/seiral/share/seiral/package.sh'
[3.307s] INFO:colcon.colcon_core.shell:Creating package script '/home/murakami/karakuri_ws/install/seiral/share/seiral/package.bash'
[3.308s] INFO:colcon.colcon_core.shell:Creating package script '/home/murakami/karakuri_ws/install/seiral/share/seiral/package.zsh'
[3.308s] Level 1:colcon.colcon_core.environment:create_file_with_runtime_dependencies(/home/murakami/karakuri_ws/install/seiral/share/colcon-core/packages/seiral)
[3.308s] DEBUG:colcon.colcon_parallel_executor.executor.parallel:closing loop
[3.309s] DEBUG:colcon.colcon_parallel_executor.executor.parallel:loop closed
[3.309s] DEBUG:colcon.colcon_parallel_executor.executor.parallel:run_until_complete finished with '0'
[3.309s] DEBUG:colcon.colcon_core.event_reactor:joining thread
[3.445s] INFO:colcon.colcon_core.plugin_system:Skipping extension 'colcon_notification.desktop_notification.notify_send': Could not find 'notify-send'
[3.445s] INFO:colcon.colcon_core.plugin_system:Skipping extension 'colcon_notification.desktop_notification.terminal_notifier': Not used on non-Darwin systems
[3.446s] INFO:colcon.colcon_core.plugin_system:Skipping extension 'colcon_notification.desktop_notification.win32': Not used on non-Windows systems
[3.446s] INFO:colcon.colcon_notification.desktop_notification:Sending desktop notification using 'notify2'
[3.446s] DEBUG:colcon.colcon_notification.desktop_notification.notify2:Failed to initialize notify2: org.freedesktop.DBus.Error.FileNotFound: Failed to connect to socket /run/user/1000/bus: No such file or directory
[3.446s] DEBUG:colcon.colcon_core.event_reactor:joined thread
[3.463s] INFO:colcon.colcon_core.shell:Creating prefix script '/home/murakami/karakuri_ws/install/local_setup.ps1'
[3.464s] INFO:colcon.colcon_core.shell:Creating prefix util module '/home/murakami/karakuri_ws/install/_local_setup_util_ps1.py'
[3.465s] INFO:colcon.colcon_core.shell:Creating prefix chain script '/home/murakami/karakuri_ws/install/setup.ps1'
[3.480s] INFO:colcon.colcon_core.shell:Creating prefix script '/home/murakami/karakuri_ws/install/local_setup.sh'
[3.481s] INFO:colcon.colcon_core.shell:Creating prefix util module '/home/murakami/karakuri_ws/install/_local_setup_util_sh.py'
[3.482s] INFO:colcon.colcon_core.shell:Creating prefix chain script '/home/murakami/karakuri_ws/install/setup.sh'
[3.500s] INFO:colcon.colcon_core.shell:Creating prefix script '/home/murakami/karakuri_ws/install/local_setup.bash'
[3.500s] INFO:colcon.colcon_core.shell:Creating prefix chain script '/home/murakami/karakuri_ws/install/setup.bash'
[3.514s] INFO:colcon.colcon_core.shell:Creating prefix script '/home/murakami/karakuri_ws/install/local_setup.zsh'
[3.514s] INFO:colcon.colcon_core.shell:Creating prefix chain script '/home/murakami/karakuri_ws/install/setup.zsh'
