[1.134s] Invoking command in '/home/murakami/karakuri_ws/src/seiral': PYTHONPATH=/home/murakami/karakuri_ws/build/seiral/prefix_override:/home/murakami/karakuri_ws/install/seiral/lib/python3.10/site-packages:${PYTHONPATH} /usr/bin/python3 setup.py egg_info --egg-base ../../build/seiral build --build-base /home/murakami/karakuri_ws/build/seiral/build install --record /home/murakami/karakuri_ws/build/seiral/install.log --single-version-externally-managed
[1.433s] running egg_info
[1.459s] writing ../../build/seiral/seiral.egg-info/PKG-INFO
[1.460s] writing dependency_links to ../../build/seiral/seiral.egg-info/dependency_links.txt
[1.460s] writing entry points to ../../build/seiral/seiral.egg-info/entry_points.txt
[1.461s] writing requirements to ../../build/seiral/seiral.egg-info/requires.txt
[1.461s] writing top-level names to ../../build/seiral/seiral.egg-info/top_level.txt
[1.516s] reading manifest file '../../build/seiral/seiral.egg-info/SOURCES.txt'
[1.517s] writing manifest file '../../build/seiral/seiral.egg-info/SOURCES.txt'
[1.518s] running build
[1.518s] running build_py
[1.518s] copying seiral/serial_node.py -> /home/murakami/karakuri_ws/build/seiral/build/lib/seiral
[1.518s] copying seiral/__init__.py -> /home/murakami/karakuri_ws/build/seiral/build/lib/seiral
[1.518s] running install
[1.519s] /home/murakami/.local/lib/python3.10/site-packages/setuptools/_distutils/cmd.py:66: SetuptoolsDeprecationWarning: setup.py install is deprecated.
[1.519s] !!
[1.519s] 
[1.519s]         ********************************************************************************
[1.519s]         Please avoid running ``setup.py`` directly.
[1.519s]         Instead, use pypa/build, pypa/installer or other
[1.519s]         standards-based tools.
[1.519s] 
[1.519s]         See https://blog.ganssle.io/articles/2021/10/setup-py-deprecated.html for details.
[1.520s]         ********************************************************************************
[1.520s] 
[1.520s] !!
[1.520s]   self.initialize_options()
[1.525s] running install_lib
[1.538s] copying /home/murakami/karakuri_ws/build/seiral/build/lib/seiral/serial_node.py -> /home/murakami/karakuri_ws/install/seiral/lib/python3.10/site-packages/seiral
[1.539s] byte-compiling /home/murakami/karakuri_ws/install/seiral/lib/python3.10/site-packages/seiral/serial_node.py to serial_node.cpython-310.pyc
[1.540s] running install_data
[1.553s] copying resource/seiral -> /home/murakami/karakuri_ws/install/seiral/share/ament_index/resource_index/packages
[1.553s] copying package.xml -> /home/murakami/karakuri_ws/install/seiral/share/seiral
[1.553s] running install_egg_info
[1.567s] removing '/home/murakami/karakuri_ws/install/seiral/lib/python3.10/site-packages/seiral-0.0.0-py3.10.egg-info' (and everything under it)
[1.568s] Copying ../../build/seiral/seiral.egg-info to /home/murakami/karakuri_ws/install/seiral/lib/python3.10/site-packages/seiral-0.0.0-py3.10.egg-info
[1.569s] running install_scripts
[1.699s] Installing serial_node script to /home/murakami/karakuri_ws/install/seiral/lib/seiral
[1.700s] writing list of installed files to '/home/murakami/karakuri_ws/build/seiral/install.log'
[1.728s] Invoked command in '/home/murakami/karakuri_ws/src/seiral' returned '0': PYTHONPATH=/home/murakami/karakuri_ws/build/seiral/prefix_override:/home/murakami/karakuri_ws/install/seiral/lib/python3.10/site-packages:${PYTHONPATH} /usr/bin/python3 setup.py egg_info --egg-base ../../build/seiral build --build-base /home/murakami/karakuri_ws/build/seiral/build install --record /home/murakami/karakuri_ws/build/seiral/install.log --single-version-externally-managed
