running egg_info
creating ../../build/seiral/seiral.egg-info
writing ../../build/seiral/seiral.egg-info/PKG-INFO
writing dependency_links to ../../build/seiral/seiral.egg-info/dependency_links.txt
writing entry points to ../../build/seiral/seiral.egg-info/entry_points.txt
writing requirements to ../../build/seiral/seiral.egg-info/requires.txt
writing top-level names to ../../build/seiral/seiral.egg-info/top_level.txt
writing manifest file '../../build/seiral/seiral.egg-info/SOURCES.txt'
reading manifest file '../../build/seiral/seiral.egg-info/SOURCES.txt'
writing manifest file '../../build/seiral/seiral.egg-info/SOURCES.txt'
running build
running build_py
creating /home/murakami/karakuri_ws/build/seiral/build
creating /home/murakami/karakuri_ws/build/seiral/build/lib
creating /home/murakami/karakuri_ws/build/seiral/build/lib/seiral
copying seiral/serial_node.py -> /home/murakami/karakuri_ws/build/seiral/build/lib/seiral
copying seiral/__init__.py -> /home/murakami/karakuri_ws/build/seiral/build/lib/seiral
running install
running install_lib
creating /home/murakami/karakuri_ws/install/seiral/lib/python3.10/site-packages/seiral
copying /home/murakami/karakuri_ws/build/seiral/build/lib/seiral/serial_node.py -> /home/murakami/karakuri_ws/install/seiral/lib/python3.10/site-packages/seiral
copying /home/murakami/karakuri_ws/build/seiral/build/lib/seiral/__init__.py -> /home/murakami/karakuri_ws/install/seiral/lib/python3.10/site-packages/seiral
byte-compiling /home/murakami/karakuri_ws/install/seiral/lib/python3.10/site-packages/seiral/serial_node.py to serial_node.cpython-310.pyc
byte-compiling /home/murakami/karakuri_ws/install/seiral/lib/python3.10/site-packages/seiral/__init__.py to __init__.cpython-310.pyc
running install_data
creating /home/murakami/karakuri_ws/install/seiral/share/ament_index
creating /home/murakami/karakuri_ws/install/seiral/share/ament_index/resource_index
creating /home/murakami/karakuri_ws/install/seiral/share/ament_index/resource_index/packages
copying resource/seiral -> /home/murakami/karakuri_ws/install/seiral/share/ament_index/resource_index/packages
copying package.xml -> /home/murakami/karakuri_ws/install/seiral/share/seiral
running install_egg_info
Copying ../../build/seiral/seiral.egg-info to /home/murakami/karakuri_ws/install/seiral/lib/python3.10/site-packages/seiral-0.0.0-py3.10.egg-info
running install_scripts
Installing serial_node script to /home/murakami/karakuri_ws/install/seiral/lib/seiral
writing list of installed files to '/home/murakami/karakuri_ws/build/seiral/install.log'
