[1.278s] Invoking command in '/home/murakami/karakuri_ws/src/seiral': PYTHONPATH=/home/murakami/karakuri_ws/build/seiral/prefix_override:/home/murakami/karakuri_ws/install/seiral/lib/python3.10/site-packages:${PYTHONPATH} /usr/bin/python3 setup.py egg_info --egg-base ../../build/seiral build --build-base /home/murakami/karakuri_ws/build/seiral/build install --record /home/murakami/karakuri_ws/build/seiral/install.log --single-version-externally-managed
[1.526s] running egg_info
[1.526s] creating ../../build/seiral/seiral.egg-info
[1.541s] writing ../../build/seiral/seiral.egg-info/PKG-INFO
[1.542s] writing dependency_links to ../../build/seiral/seiral.egg-info/dependency_links.txt
[1.542s] writing entry points to ../../build/seiral/seiral.egg-info/entry_points.txt
[1.543s] writing requirements to ../../build/seiral/seiral.egg-info/requires.txt
[1.543s] writing top-level names to ../../build/seiral/seiral.egg-info/top_level.txt
[1.543s] writing manifest file '../../build/seiral/seiral.egg-info/SOURCES.txt'
[1.572s] reading manifest file '../../build/seiral/seiral.egg-info/SOURCES.txt'
[1.572s] writing manifest file '../../build/seiral/seiral.egg-info/SOURCES.txt'
[1.572s] running build
[1.573s] running build_py
[1.573s] creating /home/murakami/karakuri_ws/build/seiral/build
[1.573s] creating /home/murakami/karakuri_ws/build/seiral/build/lib
[1.573s] creating /home/murakami/karakuri_ws/build/seiral/build/lib/seiral
[1.573s] copying seiral/serial_node.py -> /home/murakami/karakuri_ws/build/seiral/build/lib/seiral
[1.573s] copying seiral/__init__.py -> /home/murakami/karakuri_ws/build/seiral/build/lib/seiral
[1.574s] running install
[1.576s] /home/murakami/.local/lib/python3.10/site-packages/setuptools/_distutils/cmd.py:66: SetuptoolsDeprecationWarning: setup.py install is deprecated.
[1.576s] !!
[1.576s] 
[1.576s]         ********************************************************************************
[1.576s]         Please avoid running ``setup.py`` directly.
[1.576s]         Instead, use pypa/build, pypa/installer or other
[1.576s]         standards-based tools.
[1.576s] 
[1.576s]         See https://blog.ganssle.io/articles/2021/10/setup-py-deprecated.html for details.
[1.576s]         ********************************************************************************
[1.576s] 
[1.576s] !!
[1.576s]   self.initialize_options()
[1.581s] running install_lib
[1.595s] creating /home/murakami/karakuri_ws/install/seiral/lib/python3.10/site-packages/seiral
[1.595s] copying /home/murakami/karakuri_ws/build/seiral/build/lib/seiral/serial_node.py -> /home/murakami/karakuri_ws/install/seiral/lib/python3.10/site-packages/seiral
[1.595s] copying /home/murakami/karakuri_ws/build/seiral/build/lib/seiral/__init__.py -> /home/murakami/karakuri_ws/install/seiral/lib/python3.10/site-packages/seiral
[1.596s] byte-compiling /home/murakami/karakuri_ws/install/seiral/lib/python3.10/site-packages/seiral/serial_node.py to serial_node.cpython-310.pyc
[1.597s] byte-compiling /home/murakami/karakuri_ws/install/seiral/lib/python3.10/site-packages/seiral/__init__.py to __init__.cpython-310.pyc
[1.597s] running install_data
[1.612s] creating /home/murakami/karakuri_ws/install/seiral/share/ament_index
[1.612s] creating /home/murakami/karakuri_ws/install/seiral/share/ament_index/resource_index
[1.612s] creating /home/murakami/karakuri_ws/install/seiral/share/ament_index/resource_index/packages
[1.613s] copying resource/seiral -> /home/murakami/karakuri_ws/install/seiral/share/ament_index/resource_index/packages
[1.613s] copying package.xml -> /home/murakami/karakuri_ws/install/seiral/share/seiral
[1.613s] running install_egg_info
[1.628s] Copying ../../build/seiral/seiral.egg-info to /home/murakami/karakuri_ws/install/seiral/lib/python3.10/site-packages/seiral-0.0.0-py3.10.egg-info
[1.631s] running install_scripts
[1.764s] Installing serial_node script to /home/murakami/karakuri_ws/install/seiral/lib/seiral
[1.764s] writing list of installed files to '/home/murakami/karakuri_ws/build/seiral/install.log'
[1.790s] Invoked command in '/home/murakami/karakuri_ws/src/seiral' returned '0': PYTHONPATH=/home/murakami/karakuri_ws/build/seiral/prefix_override:/home/murakami/karakuri_ws/install/seiral/lib/python3.10/site-packages:${PYTHONPATH} /usr/bin/python3 setup.py egg_info --egg-base ../../build/seiral build --build-base /home/murakami/karakuri_ws/build/seiral/build install --record /home/murakami/karakuri_ws/build/seiral/install.log --single-version-externally-managed
