running egg_info
writing ../../build/seiral/seiral.egg-info/PKG-INFO
writing dependency_links to ../../build/seiral/seiral.egg-info/dependency_links.txt
writing entry points to ../../build/seiral/seiral.egg-info/entry_points.txt
writing requirements to ../../build/seiral/seiral.egg-info/requires.txt
writing top-level names to ../../build/seiral/seiral.egg-info/top_level.txt
reading manifest file '../../build/seiral/seiral.egg-info/SOURCES.txt'
writing manifest file '../../build/seiral/seiral.egg-info/SOURCES.txt'
running build
running build_py
copying seiral/serial_node.py -> /home/murakami/karakuri_ws/build/seiral/build/lib/seiral
copying seiral/__init__.py -> /home/murakami/karakuri_ws/build/seiral/build/lib/seiral
running install
running install_lib
running install_data
copying resource/seiral -> /home/murakami/karakuri_ws/install/seiral/share/ament_index/resource_index/packages
copying package.xml -> /home/murakami/karakuri_ws/install/seiral/share/seiral
running install_egg_info
removing '/home/murakami/karakuri_ws/install/seiral/lib/python3.10/site-packages/seiral-0.0.0-py3.10.egg-info' (and everything under it)
Copying ../../build/seiral/seiral.egg-info to /home/murakami/karakuri_ws/install/seiral/lib/python3.10/site-packages/seiral-0.0.0-py3.10.egg-info
running install_scripts
Installing serial_node script to /home/murakami/karakuri_ws/install/seiral/lib/seiral
writing list of installed files to '/home/murakami/karakuri_ws/build/seiral/install.log'
