[1.122s] Invoking command in '/home/murakami/karakuri_ws/src/seiral': PYTHONPATH=/home/murakami/karakuri_ws/build/seiral/prefix_override:/home/murakami/karakuri_ws/install/seiral/lib/python3.10/site-packages:${PYTHONPATH} /usr/bin/python3 setup.py egg_info --egg-base ../../build/seiral build --build-base /home/murakami/karakuri_ws/build/seiral/build install --record /home/murakami/karakuri_ws/build/seiral/install.log --single-version-externally-managed
[1.356s] running egg_info
[1.377s] writing ../../build/seiral/seiral.egg-info/PKG-INFO
[1.381s] writing dependency_links to ../../build/seiral/seiral.egg-info/dependency_links.txt
[1.381s] writing entry points to ../../build/seiral/seiral.egg-info/entry_points.txt
[1.381s] writing requirements to ../../build/seiral/seiral.egg-info/requires.txt
[1.382s] writing top-level names to ../../build/seiral/seiral.egg-info/top_level.txt
[1.415s] reading manifest file '../../build/seiral/seiral.egg-info/SOURCES.txt'
[1.416s] writing manifest file '../../build/seiral/seiral.egg-info/SOURCES.txt'
[1.416s] running build
[1.416s] running build_py
[1.416s] copying seiral/serial_node.py -> /home/murakami/karakuri_ws/build/seiral/build/lib/seiral
[1.417s] copying seiral/__init__.py -> /home/murakami/karakuri_ws/build/seiral/build/lib/seiral
[1.417s] running install
[1.418s] /home/murakami/.local/lib/python3.10/site-packages/setuptools/_distutils/cmd.py:66: SetuptoolsDeprecationWarning: setup.py install is deprecated.
[1.418s] !!
[1.418s] 
[1.418s]         ********************************************************************************
[1.418s]         Please avoid running ``setup.py`` directly.
[1.418s]         Instead, use pypa/build, pypa/installer or other
[1.418s]         standards-based tools.
[1.418s] 
[1.418s]         See https://blog.ganssle.io/articles/2021/10/setup-py-deprecated.html for details.
[1.418s]         ********************************************************************************
[1.418s] 
[1.418s] !!
[1.418s]   self.initialize_options()
[1.423s] running install_lib
[1.439s] running install_data
[1.463s] copying resource/seiral -> /home/murakami/karakuri_ws/install/seiral/share/ament_index/resource_index/packages
[1.464s] copying package.xml -> /home/murakami/karakuri_ws/install/seiral/share/seiral
[1.464s] running install_egg_info
[1.481s] removing '/home/murakami/karakuri_ws/install/seiral/lib/python3.10/site-packages/seiral-0.0.0-py3.10.egg-info' (and everything under it)
[1.482s] Copying ../../build/seiral/seiral.egg-info to /home/murakami/karakuri_ws/install/seiral/lib/python3.10/site-packages/seiral-0.0.0-py3.10.egg-info
[1.483s] running install_scripts
[1.637s] Installing serial_node script to /home/murakami/karakuri_ws/install/seiral/lib/seiral
[1.637s] writing list of installed files to '/home/murakami/karakuri_ws/build/seiral/install.log'
[1.679s] Invoked command in '/home/murakami/karakuri_ws/src/seiral' returned '0': PYTHONPATH=/home/murakami/karakuri_ws/build/seiral/prefix_override:/home/murakami/karakuri_ws/install/seiral/lib/python3.10/site-packages:${PYTHONPATH} /usr/bin/python3 setup.py egg_info --egg-base ../../build/seiral build --build-base /home/murakami/karakuri_ws/build/seiral/build install --record /home/murakami/karakuri_ws/build/seiral/install.log --single-version-externally-managed
